<?xml version="1.0" encoding="UTF-8"?>
<!-- Generated by org.testng.reporters.JUnitReportReporter -->
<testsuite skipped="0" hostname="LAPTOP-SG4KQSGL" name="com.crm.qa.testcases.ContactsPageTest" tests="1" failures="0" timestamp="01 Apr 2018 12:19:06 GMT" time="22.664" errors="0">
  <testcase name="validateCreateNewContact" time="22.664" classname="com.crm.qa.testcases.ContactsPageTest"/>
</testsuite> <!-- com.crm.qa.testcases.ContactsPageTest -->
