<?xml version="1.0" encoding="UTF-8"?>
<!-- Generated by org.testng.reporters.JUnitReportReporter -->
<testsuite skipped="0" hostname="LAPTOP-SG4KQSGL" name="com.crm.qa.testcases.loginPageTest" tests="3" failures="0" timestamp="01 Apr 2018 10:08:38 GMT" time="33.802" errors="0">
  <testcase name="loginpageTitleTest" time="8.927" classname="com.crm.qa.testcases.loginPageTest"/>
  <testcase name="crmlogoImageTest" time="8.909" classname="com.crm.qa.testcases.loginPageTest"/>
  <testcase name="loginTest" time="15.966" classname="com.crm.qa.testcases.loginPageTest"/>
</testsuite> <!-- com.crm.qa.testcases.loginPageTest -->
